<?xml version="1.0" encoding="UTF-8"?>
<!-- Generated by org.testng.reporters.JUnitReportReporter -->
<testsuite skipped="0" hostname="DESKTOP-06066V5" name="Automation.Mavenjava.AppiumTest" tests="2" failures="0" timestamp="2021-03-12T14:19:51 IST" time="0.001" errors="0">
  <testcase name="iosApp" time="0.000" classname="Automation.Mavenjava.AppiumTest"/>
  <system-out/>
  <testcase name="nativeAppAndroid" time="0.001" classname="Automation.Mavenjava.AppiumTest"/>
  <system-out/>
</testsuite> <!-- Automation.Mavenjava.AppiumTest -->
