<?xml version="1.0" encoding="UTF-8"?>
<!-- Generated by org.testng.reporters.JUnitReportReporter -->
<testsuite skipped="0" hostname="DESKTOP-06066V5" name="Automation.Mavenjava.RestAPITest" tests="2" failures="0" timestamp="2021-03-12T14:20:12 IST" time="0.001" errors="0">
  <testcase name="deleteTwitter" time="0.001" classname="Automation.Mavenjava.RestAPITest"/>
  <system-out/>
  <testcase name="postJira" time="0.000" classname="Automation.Mavenjava.RestAPITest"/>
  <system-out/>
</testsuite> <!-- Automation.Mavenjava.RestAPITest -->
