<?xml version="1.0" encoding="UTF-8"?>
<!-- Generated by org.testng.reporters.JUnitReportReporter -->
<testsuite skipped="0" hostname="DESKTOP-06066V5" name="Automation.Mavenjava.SeleniumTest" tests="2" failures="0" timestamp="2021-03-12T14:20:12 IST" time="0.007" errors="0">
  <testcase name="browserAutomation" time="0.006" classname="Automation.Mavenjava.SeleniumTest"/>
  <system-out/>
  <testcase name="elementsUi" time="0.001" classname="Automation.Mavenjava.SeleniumTest"/>
  <system-out/>
</testsuite> <!-- Automation.Mavenjava.SeleniumTest -->
